DEBUG:asyncio:Using proactor: IocpProactor
INFO:apscheduler.scheduler:Scheduler started
INFO:__main__:...notesBot activated...scheduler, tables, routers started.
DEBUG:apscheduler.scheduler:Looking for jobs to run
DEBUG:apscheduler.scheduler:No jobs; waiting until a job is added
INFO:aiogram.dispatcher:Start polling
INFO:aiogram.dispatcher:Run polling for bot @wetalsBot id=6870343570 - 'Why did it took so long ...'
INFO:handlers.events:Chat history cleared the last 100 messages but not older then 48 hours... operation succeeded : True
INFO:aiogram.event:Update id=763608499 is handled. Duration 250 ms by bot id=6870343570
INFO:aiogram.dispatcher:Polling stopped for bot @wetalsBot id=6870343570 - 'Why did it took so long ...'
INFO:aiogram.dispatcher:Polling stopped
INFO:root:...Nicely shutting down ...
DEBUG:asyncio:Using proactor: IocpProactor
INFO:apscheduler.scheduler:Scheduler started
INFO:__main__:...notesBot activated...scheduler, tables, routers started.
DEBUG:apscheduler.scheduler:Looking for jobs to run
DEBUG:apscheduler.scheduler:No jobs; waiting until a job is added
INFO:aiogram.dispatcher:Start polling
INFO:aiogram.dispatcher:Run polling for bot @wetalsBot id=6870343570 - 'Why did it took so long ...'
INFO:handlers.db_crud:...list command
INFO:aiogram.event:Update id=763608500 is handled. Duration 312 ms by bot id=6870343570
INFO:handlers.db_crud:...del command
WARNING:handlers.db_crud:No row was found when one was required
INFO:aiogram.event:Update id=763608501 is handled. Duration 171 ms by bot id=6870343570
INFO:aiogram.dispatcher:Polling stopped for bot @wetalsBot id=6870343570 - 'Why did it took so long ...'
INFO:aiogram.dispatcher:Polling stopped
INFO:root:...Nicely shutting down ...
